0 info it worked if it ends with ok
1 verbose cli [ 'D:\\node\\node.exe',
1 verbose cli   'D:\\node\\node_modules\\npm\\bin\\npm-cli.js',
1 verbose cli   'run',
1 verbose cli   'dev' ]
2 info using npm@3.10.10
3 info using node@v6.10.2
4 verbose run-script [ 'predev', 'dev', 'postdev' ]
5 info lifecycle mydemo@1.0.0~predev: mydemo@1.0.0
6 silly lifecycle mydemo@1.0.0~predev: no script for predev, continuing
7 info lifecycle mydemo@1.0.0~dev: mydemo@1.0.0
8 verbose lifecycle mydemo@1.0.0~dev: unsafe-perm in lifecycle true
9 verbose lifecycle mydemo@1.0.0~dev: PATH: D:\node\node_modules\npm\bin\node-gyp-bin;D:\study整合\WK\mydemo\node_modules\.bin;C:\Windows\system32;C:\Windows;C:\Windows\System32\Wbem;C:\Windows\System32\WindowsPowerShell\v1.0\;C:\Program Files (x86)\Common Files\lenovo\easyplussdk\bin;C:\Program Files (x86)\ATI Technologies\ATI.ACE\Core-Static;D:\node\;C:\Program Files\Git\cmd;C:\Users\12\AppData\Roaming\npm;D:\编辑器\Microsoft VS Code\bin
10 verbose lifecycle mydemo@1.0.0~dev: CWD: D:\study整合\WK\mydemo
11 silly lifecycle mydemo@1.0.0~dev: Args: [ '/d /s /c', 'node build/dev-server.js' ]
12 silly lifecycle mydemo@1.0.0~dev: Returned: code: 3221225786  signal: null
13 info lifecycle mydemo@1.0.0~dev: Failed to exec dev script
14 verbose stack Error: mydemo@1.0.0 dev: `node build/dev-server.js`
14 verbose stack Exit status 3221225786
14 verbose stack     at EventEmitter.<anonymous> (D:\node\node_modules\npm\lib\utils\lifecycle.js:255:16)
14 verbose stack     at emitTwo (events.js:106:13)
14 verbose stack     at EventEmitter.emit (events.js:191:7)
14 verbose stack     at ChildProcess.<anonymous> (D:\node\node_modules\npm\lib\utils\spawn.js:40:14)
14 verbose stack     at emitTwo (events.js:106:13)
14 verbose stack     at ChildProcess.emit (events.js:191:7)
14 verbose stack     at maybeClose (internal/child_process.js:886:16)
14 verbose stack     at Process.ChildProcess._handle.onexit (internal/child_process.js:226:5)
15 verbose pkgid mydemo@1.0.0
16 verbose cwd D:\study整合\WK\mydemo
17 error Windows_NT 10.0.10586
18 error argv "D:\\node\\node.exe" "D:\\node\\node_modules\\npm\\bin\\npm-cli.js" "run" "dev"
19 error node v6.10.2
20 error npm  v3.10.10
21 error code ELIFECYCLE
22 error mydemo@1.0.0 dev: `node build/dev-server.js`
22 error Exit status 3221225786
23 error Failed at the mydemo@1.0.0 dev script 'node build/dev-server.js'.
23 error Make sure you have the latest version of node.js and npm installed.
23 error If you do, this is most likely a problem with the mydemo package,
23 error not with npm itself.
23 error Tell the author that this fails on your system:
23 error     node build/dev-server.js
23 error You can get information on how to open an issue for this project with:
23 error     npm bugs mydemo
23 error Or if that isn't available, you can get their info via:
23 error     npm owner ls mydemo
23 error There is likely additional logging output above.
24 verbose exit [ 1, true ]
